<?xml version="1.0" encoding="UTF-8"?>
<testng-results ignored="1" total="2" passed="1" failed="0" skipped="0">
  <reporter-output>
  </reporter-output>
  <suite started-at="2025-06-20T23:24:51 IST" name="Suite" finished-at="2025-06-20T23:25:00 IST" duration-ms="9676">
    <groups>
      <group name="SmokeSuite">
        <method signature="Login.tc_001_Login()[pri:0, instance:inventory.Login@6f01b95f]" name="tc_001_Login" class="inventory.Login"/>
      </group> <!-- SmokeSuite -->
    </groups>
    <test started-at="2025-06-20T23:24:51 IST" name="Test" finished-at="2025-06-20T23:25:00 IST" duration-ms="9676">
      <class name="inventory.Login">
        <test-method is-config="true" signature="bsConfig()[pri:0, instance:inventory.Login@6f01b95f]" started-at="2025-06-20T23:24:51 IST" name="bsConfig" finished-at="2025-06-20T23:24:51 IST" duration-ms="11" status="PASS">
          <reporter-output>
          </reporter-output>
        </test-method> <!-- bsConfig -->
        <test-method is-config="true" signature="bcConfig()[pri:0, instance:inventory.Login@6f01b95f]" started-at="2025-06-20T23:24:51 IST" name="bcConfig" finished-at="2025-06-20T23:24:54 IST" duration-ms="3735" status="PASS">
          <reporter-output>
          </reporter-output>
        </test-method> <!-- bcConfig -->
        <test-method is-config="true" signature="bmConfig()[pri:0, instance:inventory.Login@6f01b95f]" started-at="2025-06-20T23:24:54 IST" name="bmConfig" finished-at="2025-06-20T23:24:55 IST" duration-ms="415" status="PASS">
          <reporter-output>
          </reporter-output>
        </test-method> <!-- bmConfig -->
        <test-method signature="tc_001_Login()[pri:0, instance:inventory.Login@6f01b95f]" started-at="2025-06-20T23:24:55 IST" name="tc_001_Login" finished-at="2025-06-20T23:24:56 IST" duration-ms="1244" status="PASS">
          <reporter-output>
          </reporter-output>
        </test-method> <!-- tc_001_Login -->
        <test-method is-config="true" signature="amConfig()[pri:0, instance:inventory.Login@6f01b95f]" started-at="2025-06-20T23:24:56 IST" name="amConfig" finished-at="2025-06-20T23:24:59 IST" duration-ms="3322" status="PASS">
          <reporter-output>
          </reporter-output>
        </test-method> <!-- amConfig -->
        <test-method is-config="true" signature="acConfig()[pri:0, instance:inventory.Login@6f01b95f]" started-at="2025-06-20T23:24:59 IST" name="acConfig" finished-at="2025-06-20T23:25:00 IST" duration-ms="894" status="PASS">
          <reporter-output>
          </reporter-output>
        </test-method> <!-- acConfig -->
        <test-method is-config="true" signature="asConfig()[pri:0, instance:inventory.Login@6f01b95f]" started-at="2025-06-20T23:25:00 IST" name="asConfig" finished-at="2025-06-20T23:25:00 IST" duration-ms="2" status="PASS">
          <reporter-output>
          </reporter-output>
        </test-method> <!-- asConfig -->
      </class> <!-- inventory.Login -->
    </test> <!-- Test -->
  </suite> <!-- Suite -->
</testng-results>
